Start testing: May 09 18:59 DST
----------------------------------------------------------
1/1 Testing: test_Constructor
1/1 Test: test_Constructor
Command: "/mnt/c/Users/Thomas/Documents/Modelisation/cpp/tp1_lelettyt_gardelcl/build/test/test_Constructor"
Directory: /mnt/c/Users/Thomas/Documents/Modelisation/cpp/tp1_lelettyt_gardelcl/build
"test_Constructor" start time: May 09 18:59 DST
Output:
----------------------------------------------------------
[==========] Running 2 tests from 1 test case.
[----------] Global test environment set-up.
[----------] 2 tests from Dvector
[ RUN      ] Dvector.ConstruteurAvecParametres
[       OK ] Dvector.ConstruteurAvecParametres (0 ms)
[ RUN      ] Dvector.ConstruteurSansParametres
[       OK ] Dvector.ConstruteurSansParametres (0 ms)
[----------] 2 tests from Dvector (0 ms total)

[----------] Global test environment tear-down
[==========] 2 tests from 1 test case ran. (0 ms total)
[  PASSED  ] 2 tests.
<end of output>
Test time =   0.07 sec
----------------------------------------------------------
Test Passed.
"test_Constructor" end time: May 09 18:59 DST
"test_Constructor" time elapsed: 00:00:00
----------------------------------------------------------

End testing: May 09 18:59 DST
